# JRE version: OpenJDK Runtime Environment (11.0.13) (build 11.0.13+0-b1751.21-8125866)
# Java VM: OpenJDK 64-Bit Server VM (11.0.13+0-b1751.21-8125866, mixed mode, tiered, compressed oops, g1 gc, windows-amd64)
Heap:
 garbage-first heap   total 165888K, used 115600K [0x0000000080000000, 0x0000000100000000)
  region size 1024K, 30 young (30720K), 4 survivors (4096K)
 Metaspace       used 94516K, capacity 96684K, committed 96892K, reserved 1132544K
  class space    used 12039K, capacity 12898K, committed 13004K, reserved 1048576K
GC Heap History (20 events):
Event: 23.030 GC heap before
{Heap before GC invocations=14 (full 0):
 garbage-first heap   total 165888K, used 76020K [0x0000000080000000, 0x0000000100000000)
  region size 1024K, 27 young (27648K), 4 survivors (4096K)
 Metaspace       used 58816K, capacity 60221K, committed 60284K, reserved 1101824K
  class space    used 7351K, capacity 7851K, committed 7884K, reserved 1048576K
}
Event: 23.040 GC heap after
{Heap after GC invocations=15 (full 0):
 garbage-first heap   total 165888K, used 54170K [0x0000000080000000, 0x0000000100000000)
  region size 1024K, 5 young (5120K), 5 survivors (5120K)
 Metaspace       used 58816K, capacity 60221K, committed 60284K, reserved 1101824K
  class space    used 7351K, capacity 7851K, committed 7884K, reserved 1048576K
}
Event: 25.176 GC heap before
{Heap before GC invocations=16 (full 0):
 garbage-first heap   total 165888K, used 116634K [0x0000000080000000, 0x0000000100000000)
  region size 1024K, 61 young (62464K), 5 survivors (5120K)
 Metaspace       used 64308K, capacity 65786K, committed 65916K, reserved 1105920K
  class space    used 8033K, capacity 8612K, committed 8652K, reserved 1048576K
}
Event: 25.197 GC heap after
{Heap after GC invocations=17 (full 0):
 garbage-first heap   total 165888K, used 58308K [0x0000000080000000, 0x0000000100000000)
  region size 1024K, 7 young (7168K), 7 survivors (7168K)
 Metaspace       used 64308K, capacity 65786K, committed 65916K, reserved 1105920K
  class space    used 8033K, capacity 8612K, committed 8652K, reserved 1048576K
}
Event: 27.433 GC heap before
{Heap before GC invocations=18 (full 0):
 garbage-first heap   total 165888K, used 115652K [0x0000000080000000, 0x0000000100000000)
  region size 1024K, 63 young (64512K), 7 survivors (7168K)
 Metaspace       used 68909K, capacity 70390K, committed 70652K, reserved 1110016K
  class space    used 8611K, capacity 9196K, committed 9292K, reserved 1048576K
}
Event: 27.461 GC heap after
{Heap after GC invocations=19 (full 0):
 garbage-first heap   total 165888K, used 62162K [0x0000000080000000, 0x0000000100000000)
  region size 1024K, 4 young (4096K), 4 survivors (4096K)
 Metaspace       used 68909K, capacity 70390K, committed 70652K, reserved 1110016K
  class space    used 8611K, capacity 9196K, committed 9292K, reserved 1048576K
}
Event: 29.161 GC heap before
{Heap before GC invocations=19 (full 0):
 garbage-first heap   total 165888K, used 120530K [0x0000000080000000, 0x0000000100000000)
  region size 1024K, 61 young (62464K), 4 survivors (4096K)
 Metaspace       used 71106K, capacity 72656K, committed 72956K, reserved 1112064K
  class space    used 8883K, capacity 9460K, committed 9548K, reserved 1048576K
}
Event: 29.177 GC heap after
{Heap after GC invocations=20 (full 0):
 garbage-first heap   total 165888K, used 65608K [0x0000000080000000, 0x0000000100000000)
  region size 1024K, 8 young (8192K), 8 survivors (8192K)
 Metaspace       used 71106K, capacity 72656K, committed 72956K, reserved 1112064K
  class space    used 8883K, capacity 9460K, committed 9548K, reserved 1048576K
}
Event: 32.364 GC heap before
{Heap before GC invocations=20 (full 0):
 garbage-first heap   total 165888K, used 123976K [0x0000000080000000, 0x0000000100000000)
  region size 1024K, 65 young (66560K), 8 survivors (8192K)
 Metaspace       used 77388K, capacity 79075K, committed 79356K, reserved 1118208K
  class space    used 9896K, capacity 10540K, committed 10572K, reserved 1048576K
}
Event: 32.397 GC heap after
{Heap after GC invocations=21 (full 0):
 garbage-first heap   total 165888K, used 69148K [0x0000000080000000, 0x0000000100000000)
  region size 1024K, 8 young (8192K), 8 survivors (8192K)
 Metaspace       used 77388K, capacity 79075K, committed 79356K, reserved 1118208K
  class space    used 9896K, capacity 10540K, committed 10572K, reserved 1048576K
}
Event: 35.407 GC heap before
{Heap before GC invocations=21 (full 0):
 garbage-first heap   total 165888K, used 127516K [0x0000000080000000, 0x0000000100000000)
  region size 1024K, 65 young (66560K), 8 survivors (8192K)
 Metaspace       used 83173K, capacity 84930K, committed 85116K, reserved 1122304K
  class space    used 10683K, capacity 11356K, committed 11468K, reserved 1048576K
}
Event: 35.437 GC heap after
{Heap after GC invocations=22 (full 0):
 garbage-first heap   total 165888K, used 73195K [0x0000000080000000, 0x0000000100000000)
  region size 1024K, 8 young (8192K), 8 survivors (8192K)
 Metaspace       used 83173K, capacity 84930K, committed 85116K, reserved 1122304K
  class space    used 10683K, capacity 11356K, committed 11468K, reserved 1048576K
}
Event: 39.510 GC heap before
{Heap before GC invocations=22 (full 0):
 garbage-first heap   total 165888K, used 128491K [0x0000000080000000, 0x0000000100000000)
  region size 1024K, 63 young (64512K), 8 survivors (8192K)
 Metaspace       used 88267K, capacity 90269K, committed 90364K, reserved 1128448K
  class space    used 11322K, capacity 12051K, committed 12108K, reserved 1048576K
}
Event: 39.537 GC heap after
{Heap after GC invocations=23 (full 0):
 garbage-first heap   total 165888K, used 78565K [0x0000000080000000, 0x0000000100000000)
  region size 1024K, 8 young (8192K), 8 survivors (8192K)
 Metaspace       used 88267K, capacity 90269K, committed 90364K, reserved 1128448K
  class space    used 11322K, capacity 12051K, committed 12108K, reserved 1048576K
}
Event: 42.112 GC heap before
{Heap before GC invocations=23 (full 0):
 garbage-first heap   total 165888K, used 131813K [0x0000000080000000, 0x0000000100000000)
  region size 1024K, 60 young (61440K), 8 survivors (8192K)
 Metaspace       used 91861K, capacity 93854K, committed 93948K, reserved 1130496K
  class space    used 11758K, capacity 12571K, committed 12620K, reserved 1048576K
}
Event: 42.141 GC heap after
{Heap after GC invocations=24 (full 0):
 garbage-first heap   total 165888K, used 83717K [0x0000000080000000, 0x0000000100000000)
  region size 1024K, 5 young (5120K), 5 survivors (5120K)
 Metaspace       used 91861K, capacity 93854K, committed 93948K, reserved 1130496K
  class space    used 11758K, capacity 12571K, committed 12620K, reserved 1048576K
}
Event: 44.598 GC heap before
{Heap before GC invocations=24 (full 0):
 garbage-first heap   total 165888K, used 132869K [0x0000000080000000, 0x0000000100000000)
  region size 1024K, 54 young (55296K), 5 survivors (5120K)
 Metaspace       used 92661K, capacity 94724K, committed 94844K, reserved 1132544K
  class space    used 11813K, capacity 12637K, committed 12748K, reserved 1048576K
}
Event: 44.618 GC heap after
{Heap after GC invocations=25 (full 0):
 garbage-first heap   total 165888K, used 87646K [0x0000000080000000, 0x0000000100000000)
  region size 1024K, 5 young (5120K), 5 survivors (5120K)
 Metaspace       used 92661K, capacity 94724K, committed 94844K, reserved 1132544K
  class space    used 11813K, capacity 12637K, committed 12748K, reserved 1048576K
}
Event: 46.572 GC heap before
{Heap before GC invocations=26 (full 0):
 garbage-first heap   total 165888K, used 132702K [0x0000000080000000, 0x0000000100000000)
  region size 1024K, 50 young (51200K), 5 survivors (5120K)
 Metaspace       used 93779K, capacity 95939K, committed 96252K, reserved 1132544K
  class space    used 11933K, capacity 12800K, committed 12876K, reserved 1048576K
}
Event: 46.595 GC heap after
{Heap after GC invocations=27 (full 0):
 garbage-first heap   total 165888K, used 91024K [0x0000000080000000, 0x0000000100000000)
  region size 1024K, 4 young (4096K), 4 survivors (4096K)
 Metaspace       used 93779K, capacity 95939K, committed 96252K, reserved 1132544K
  class space    used 11933K, capacity 12800K, committed 12876K, reserved 1048576K
}

