# JRE version: OpenJDK Runtime Environment (11.0.13) (build 11.0.13+0-b1751.21-8125866)
# Java VM: OpenJDK 64-Bit Server VM (11.0.13+0-b1751.21-8125866, mixed mode, tiered, compressed oops, g1 gc, windows-amd64)
Heap:
 garbage-first heap   total 199680K, used 113113K [0x0000000080000000, 0x0000000100000000)
  region size 1024K, 4 young (4096K), 4 survivors (4096K)
 Metaspace       used 73918K, capacity 75728K, committed 76032K, reserved 1116160K
  class space    used 9289K, capacity 9921K, committed 9984K, reserved 1048576K
GC Heap History (20 events):
Event: 24.180 GC heap after
{Heap after GC invocations=24 (full 0):
 garbage-first heap   total 138240K, used 99610K [0x0000000080000000, 0x0000000100000000)
  region size 1024K, 3 young (3072K), 3 survivors (3072K)
 Metaspace       used 56314K, capacity 57883K, committed 58240K, reserved 1099776K
  class space    used 7157K, capacity 7682K, committed 7808K, reserved 1048576K
}
Event: 24.816 GC heap before
{Heap before GC invocations=24 (full 0):
 garbage-first heap   total 138240K, used 112922K [0x0000000080000000, 0x0000000100000000)
  region size 1024K, 17 young (17408K), 3 survivors (3072K)
 Metaspace       used 58372K, capacity 59981K, committed 60288K, reserved 1101824K
  class space    used 7373K, capacity 7955K, committed 8064K, reserved 1048576K
}
Event: 24.820 GC heap after
{Heap after GC invocations=25 (full 0):
 garbage-first heap   total 138240K, used 99906K [0x0000000080000000, 0x0000000100000000)
  region size 1024K, 1 young (1024K), 1 survivors (1024K)
 Metaspace       used 58372K, capacity 59981K, committed 60288K, reserved 1101824K
  class space    used 7373K, capacity 7955K, committed 8064K, reserved 1048576K
}
Event: 25.514 GC heap before
{Heap before GC invocations=26 (full 0):
 garbage-first heap   total 138240K, used 114242K [0x0000000080000000, 0x0000000100000000)
  region size 1024K, 15 young (15360K), 1 survivors (1024K)
 Metaspace       used 60629K, capacity 62291K, committed 62464K, reserved 1103872K
  class space    used 7597K, capacity 8166K, committed 8192K, reserved 1048576K
}
Event: 25.521 GC heap after
{Heap after GC invocations=27 (full 0):
 garbage-first heap   total 165888K, used 100529K [0x0000000080000000, 0x0000000100000000)
  region size 1024K, 2 young (2048K), 2 survivors (2048K)
 Metaspace       used 60629K, capacity 62291K, committed 62464K, reserved 1103872K
  class space    used 7597K, capacity 8166K, committed 8192K, reserved 1048576K
}
Event: 26.912 GC heap before
{Heap before GC invocations=27 (full 0):
 garbage-first heap   total 165888K, used 123057K [0x0000000080000000, 0x0000000100000000)
  region size 1024K, 25 young (25600K), 2 survivors (2048K)
 Metaspace       used 64410K, capacity 66127K, committed 66304K, reserved 1107968K
  class space    used 8084K, capacity 8680K, committed 8704K, reserved 1048576K
}
Event: 26.925 GC heap after
{Heap after GC invocations=28 (full 0):
 garbage-first heap   total 165888K, used 102774K [0x0000000080000000, 0x0000000100000000)
  region size 1024K, 4 young (4096K), 4 survivors (4096K)
 Metaspace       used 64410K, capacity 66127K, committed 66304K, reserved 1107968K
  class space    used 8084K, capacity 8680K, committed 8704K, reserved 1048576K
}
Event: 27.644 GC heap before
{Heap before GC invocations=29 (full 0):
 garbage-first heap   total 165888K, used 135542K [0x0000000080000000, 0x0000000100000000)
  region size 1024K, 30 young (30720K), 4 survivors (4096K)
 Metaspace       used 65570K, capacity 67267K, committed 67584K, reserved 1107968K
  class space    used 8239K, capacity 8843K, committed 8960K, reserved 1048576K
}
Event: 27.658 GC heap after
{Heap after GC invocations=30 (full 0):
 garbage-first heap   total 165888K, used 105127K [0x0000000080000000, 0x0000000100000000)
  region size 1024K, 3 young (3072K), 3 survivors (3072K)
 Metaspace       used 65570K, capacity 67267K, committed 67584K, reserved 1107968K
  class space    used 8239K, capacity 8843K, committed 8960K, reserved 1048576K
}
Event: 28.933 GC heap before
{Heap before GC invocations=30 (full 0):
 garbage-first heap   total 165888K, used 131751K [0x0000000080000000, 0x0000000100000000)
  region size 1024K, 29 young (29696K), 3 survivors (3072K)
 Metaspace       used 67594K, capacity 69317K, committed 69504K, reserved 1110016K
  class space    used 8465K, capacity 9074K, committed 9088K, reserved 1048576K
}
Event: 28.943 GC heap after
{Heap after GC invocations=31 (full 0):
 garbage-first heap   total 165888K, used 106691K [0x0000000080000000, 0x0000000100000000)
  region size 1024K, 2 young (2048K), 2 survivors (2048K)
 Metaspace       used 67594K, capacity 69317K, committed 69504K, reserved 1110016K
  class space    used 8465K, capacity 9074K, committed 9088K, reserved 1048576K
}
Event: 29.246 GC heap before
{Heap before GC invocations=32 (full 0):
 garbage-first heap   total 165888K, used 112835K [0x0000000080000000, 0x0000000100000000)
  region size 1024K, 9 young (9216K), 2 survivors (2048K)
 Metaspace       used 68061K, capacity 69774K, committed 69888K, reserved 1110016K
  class space    used 8547K, capacity 9140K, committed 9216K, reserved 1048576K
}
Event: 29.253 GC heap after
{Heap after GC invocations=33 (full 0):
 garbage-first heap   total 165888K, used 107225K [0x0000000080000000, 0x0000000100000000)
  region size 1024K, 3 young (3072K), 3 survivors (3072K)
 Metaspace       used 68061K, capacity 69774K, committed 69888K, reserved 1110016K
  class space    used 8547K, capacity 9140K, committed 9216K, reserved 1048576K
}
Event: 30.225 GC heap before
{Heap before GC invocations=34 (full 0):
 garbage-first heap   total 165888K, used 131801K [0x0000000080000000, 0x0000000100000000)
  region size 1024K, 26 young (26624K), 3 survivors (3072K)
 Metaspace       used 70275K, capacity 72032K, committed 72192K, reserved 1112064K
  class space    used 8842K, capacity 9462K, committed 9472K, reserved 1048576K
}
Event: 30.235 GC heap after
{Heap after GC invocations=35 (full 0):
 garbage-first heap   total 165888K, used 107988K [0x0000000080000000, 0x0000000100000000)
  region size 1024K, 2 young (2048K), 2 survivors (2048K)
 Metaspace       used 70275K, capacity 72032K, committed 72192K, reserved 1112064K
  class space    used 8842K, capacity 9462K, committed 9472K, reserved 1048576K
}
Event: 30.940 GC heap before
{Heap before GC invocations=35 (full 0):
 garbage-first heap   total 165888K, used 132564K [0x0000000080000000, 0x0000000100000000)
  region size 1024K, 26 young (26624K), 2 survivors (2048K)
 Metaspace       used 71358K, capacity 73114K, committed 73344K, reserved 1114112K
  class space    used 8975K, capacity 9564K, committed 9600K, reserved 1048576K
}
Event: 30.951 GC heap after
{Heap after GC invocations=36 (full 0):
 garbage-first heap   total 165888K, used 109864K [0x0000000080000000, 0x0000000100000000)
  region size 1024K, 4 young (4096K), 4 survivors (4096K)
 Metaspace       used 71358K, capacity 73114K, committed 73344K, reserved 1114112K
  class space    used 8975K, capacity 9564K, committed 9600K, reserved 1048576K
}
Event: 31.491 GC heap before
{Heap before GC invocations=37 (full 0):
 garbage-first heap   total 165888K, used 134440K [0x0000000080000000, 0x0000000100000000)
  region size 1024K, 28 young (28672K), 4 survivors (4096K)
 Metaspace       used 71405K, capacity 73214K, committed 73344K, reserved 1114112K
  class space    used 8982K, capacity 9598K, committed 9600K, reserved 1048576K
}
Event: 31.503 GC heap after
{Heap after GC invocations=38 (full 0):
 garbage-first heap   total 165888K, used 111505K [0x0000000080000000, 0x0000000100000000)
  region size 1024K, 4 young (4096K), 4 survivors (4096K)
 Metaspace       used 71405K, capacity 73214K, committed 73344K, reserved 1114112K
  class space    used 8982K, capacity 9598K, committed 9600K, reserved 1048576K
}
Event: 32.340 GC heap before
{Heap before GC invocations=38 (full 0):
 garbage-first heap   total 165888K, used 136081K [0x0000000080000000, 0x0000000100000000)
  region size 1024K, 28 young (28672K), 4 survivors (4096K)
 Metaspace       used 73918K, capacity 75728K, committed 76032K, reserved 1116160K
  class space    used 9289K, capacity 9921K, committed 9984K, reserved 1048576K
}

