# JRE version: OpenJDK Runtime Environment (11.0.13) (build 11.0.13+0-b1751.21-8125866)
# Java VM: OpenJDK 64-Bit Server VM (11.0.13+0-b1751.21-8125866, mixed mode, tiered, compressed oops, g1 gc, windows-amd64)
Heap:
 garbage-first heap   total 258048K, used 177080K [0x0000000080000000, 0x0000000100000000)
  region size 1024K, 2 young (2048K), 2 survivors (2048K)
 Metaspace       used 103597K, capacity 105844K, committed 106108K, reserved 1140736K
  class space    used 13357K, capacity 14237K, committed 14284K, reserved 1048576K
GC Heap History (20 events):
Event: 50.510 GC heap after
{Heap after GC invocations=38 (full 0):
 garbage-first heap   total 165888K, used 87218K [0x0000000080000000, 0x0000000100000000)
  region size 1024K, 4 young (4096K), 4 survivors (4096K)
 Metaspace       used 92389K, capacity 94404K, committed 94460K, reserved 1130496K
  class space    used 11830K, capacity 12615K, committed 12620K, reserved 1048576K
}
Event: 52.644 GC heap before
{Heap before GC invocations=39 (full 0):
 garbage-first heap   total 165888K, used 132274K [0x0000000080000000, 0x0000000100000000)
  region size 1024K, 49 young (50176K), 4 survivors (4096K)
 Metaspace       used 93408K, capacity 95547K, committed 95740K, reserved 1132544K
  class space    used 11917K, capacity 12762K, committed 12876K, reserved 1048576K
}
Event: 52.664 GC heap after
{Heap after GC invocations=40 (full 0):
 garbage-first heap   total 165888K, used 90699K [0x0000000080000000, 0x0000000100000000)
  region size 1024K, 7 young (7168K), 7 survivors (7168K)
 Metaspace       used 93408K, capacity 95547K, committed 95740K, reserved 1132544K
  class space    used 11917K, capacity 12762K, committed 12876K, reserved 1048576K
}
Event: 54.018 GC heap before
{Heap before GC invocations=40 (full 0):
 garbage-first heap   total 165888K, used 133707K [0x0000000080000000, 0x0000000100000000)
  region size 1024K, 50 young (51200K), 7 survivors (7168K)
 Metaspace       used 94620K, capacity 96836K, committed 97148K, reserved 1134592K
  class space    used 12065K, capacity 12924K, committed 13004K, reserved 1048576K
}
Event: 54.039 GC heap after
{Heap after GC invocations=41 (full 0):
 garbage-first heap   total 165888K, used 92944K [0x0000000080000000, 0x0000000100000000)
  region size 1024K, 6 young (6144K), 6 survivors (6144K)
 Metaspace       used 94620K, capacity 96836K, committed 97148K, reserved 1134592K
  class space    used 12065K, capacity 12924K, committed 13004K, reserved 1048576K
}
Event: 55.092 GC heap before
{Heap before GC invocations=42 (full 0):
 garbage-first heap   total 165888K, used 123664K [0x0000000080000000, 0x0000000100000000)
  region size 1024K, 38 young (38912K), 6 survivors (6144K)
 Metaspace       used 95846K, capacity 98010K, committed 98300K, reserved 1134592K
  class space    used 12209K, capacity 13051K, committed 13132K, reserved 1048576K
}
Event: 55.112 GC heap after
{Heap after GC invocations=43 (full 0):
 garbage-first heap   total 165888K, used 94107K [0x0000000080000000, 0x0000000100000000)
  region size 1024K, 4 young (4096K), 4 survivors (4096K)
 Metaspace       used 95846K, capacity 98010K, committed 98300K, reserved 1134592K
  class space    used 12209K, capacity 13051K, committed 13132K, reserved 1048576K
}
Event: 56.157 GC heap before
{Heap before GC invocations=44 (full 0):
 garbage-first heap   total 165888K, used 140187K [0x0000000080000000, 0x0000000100000000)
  region size 1024K, 40 young (40960K), 4 survivors (4096K)
 Metaspace       used 99936K, capacity 102055K, committed 102140K, reserved 1138688K
  class space    used 12737K, capacity 13590K, committed 13644K, reserved 1048576K
}
Event: 56.182 GC heap after
{Heap after GC invocations=45 (full 0):
 garbage-first heap   total 165888K, used 110911K [0x0000000080000000, 0x0000000100000000)
  region size 1024K, 6 young (6144K), 6 survivors (6144K)
 Metaspace       used 99936K, capacity 102055K, committed 102140K, reserved 1138688K
  class space    used 12737K, capacity 13590K, committed 13644K, reserved 1048576K
}
Event: 56.989 GC heap before
{Heap before GC invocations=46 (full 0):
 garbage-first heap   total 165888K, used 164159K [0x0000000080000000, 0x0000000100000000)
  region size 1024K, 31 young (31744K), 6 survivors (6144K)
 Metaspace       used 101034K, capacity 103201K, committed 103292K, reserved 1138688K
  class space    used 12883K, capacity 13740K, committed 13772K, reserved 1048576K
}
Event: 57.016 GC heap after
{Heap after GC invocations=47 (full 0):
 garbage-first heap   total 179200K, used 129583K [0x0000000080000000, 0x0000000100000000)
  region size 1024K, 5 young (5120K), 5 survivors (5120K)
 Metaspace       used 101034K, capacity 103201K, committed 103292K, reserved 1138688K
  class space    used 12883K, capacity 13740K, committed 13772K, reserved 1048576K
}
Event: 57.296 GC heap before
{Heap before GC invocations=47 (full 0):
 garbage-first heap   total 179200K, used 149039K [0x0000000080000000, 0x0000000100000000)
  region size 1024K, 25 young (25600K), 5 survivors (5120K)
 Metaspace       used 101097K, capacity 103329K, committed 103548K, reserved 1138688K
  class space    used 12888K, capacity 13740K, committed 13772K, reserved 1048576K
}
Event: 57.331 GC heap after
{Heap after GC invocations=48 (full 0):
 garbage-first heap   total 215040K, used 137354K [0x0000000080000000, 0x0000000100000000)
  region size 1024K, 4 young (4096K), 4 survivors (4096K)
 Metaspace       used 101097K, capacity 103329K, committed 103548K, reserved 1138688K
  class space    used 12888K, capacity 13740K, committed 13772K, reserved 1048576K
}
Event: 58.721 GC heap before
{Heap before GC invocations=49 (full 0):
 garbage-first heap   total 215040K, used 167050K [0x0000000080000000, 0x0000000100000000)
  region size 1024K, 32 young (32768K), 4 survivors (4096K)
 Metaspace       used 103480K, capacity 105769K, committed 105852K, reserved 1140736K
  class space    used 13357K, capacity 14236K, committed 14284K, reserved 1048576K
}
Event: 58.772 GC heap after
{Heap after GC invocations=50 (full 0):
 garbage-first heap   total 215040K, used 149428K [0x0000000080000000, 0x0000000100000000)
  region size 1024K, 4 young (4096K), 4 survivors (4096K)
 Metaspace       used 103480K, capacity 105769K, committed 105852K, reserved 1140736K
  class space    used 13357K, capacity 14236K, committed 14284K, reserved 1048576K
}
Event: 59.216 GC heap before
{Heap before GC invocations=50 (full 0):
 garbage-first heap   total 215040K, used 172980K [0x0000000080000000, 0x0000000100000000)
  region size 1024K, 27 young (27648K), 4 survivors (4096K)
 Metaspace       used 103545K, capacity 105840K, committed 106108K, reserved 1140736K
  class space    used 13357K, capacity 14237K, committed 14284K, reserved 1048576K
}
Event: 59.257 GC heap after
{Heap after GC invocations=51 (full 0):
 garbage-first heap   total 215040K, used 161792K [0x0000000080000000, 0x0000000100000000)
  region size 1024K, 4 young (4096K), 4 survivors (4096K)
 Metaspace       used 103545K, capacity 105840K, committed 106108K, reserved 1140736K
  class space    used 13357K, capacity 14237K, committed 14284K, reserved 1048576K
}
Event: 59.898 GC heap before
{Heap before GC invocations=51 (full 0):
 garbage-first heap   total 215040K, used 177152K [0x0000000080000000, 0x0000000100000000)
  region size 1024K, 20 young (20480K), 4 survivors (4096K)
 Metaspace       used 103596K, capacity 105843K, committed 106108K, reserved 1140736K
  class space    used 13357K, capacity 14237K, committed 14284K, reserved 1048576K
}
Event: 59.927 GC heap after
{Heap after GC invocations=52 (full 0):
 garbage-first heap   total 215040K, used 170496K [0x0000000080000000, 0x0000000100000000)
  region size 1024K, 3 young (3072K), 3 survivors (3072K)
 Metaspace       used 103596K, capacity 105843K, committed 106108K, reserved 1140736K
  class space    used 13357K, capacity 14237K, committed 14284K, reserved 1048576K
}
Event: 60.159 GC heap before
{Heap before GC invocations=53 (full 0):
 garbage-first heap   total 215040K, used 181760K [0x0000000080000000, 0x0000000100000000)
  region size 1024K, 14 young (14336K), 3 survivors (3072K)
 Metaspace       used 103597K, capacity 105844K, committed 106108K, reserved 1140736K
  class space    used 13357K, capacity 14237K, committed 14284K, reserved 1048576K
}

