# JRE version: OpenJDK Runtime Environment (11.0.13) (build 11.0.13+0-b1751.21-8125866)
# Java VM: OpenJDK 64-Bit Server VM (11.0.13+0-b1751.21-8125866, mixed mode, tiered, compressed oops, g1 gc, windows-amd64)
Heap:
 garbage-first heap   total 279552K, used 175104K [0x0000000080000000, 0x0000000100000000)
  region size 1024K, 2 young (2048K), 2 survivors (2048K)
 Metaspace       used 103547K, capacity 105792K, committed 105992K, reserved 1140736K
  class space    used 13356K, capacity 14243K, committed 14360K, reserved 1048576K
GC Heap History (20 events):
Event: 33.684 GC heap after
{Heap after GC invocations=23 (full 0):
 garbage-first heap   total 165888K, used 79211K [0x0000000080000000, 0x0000000100000000)
  region size 1024K, 8 young (8192K), 8 survivors (8192K)
 Metaspace       used 88099K, capacity 90080K, committed 90248K, reserved 1128448K
  class space    used 11311K, capacity 12052K, committed 12184K, reserved 1048576K
}
Event: 35.743 GC heap before
{Heap before GC invocations=23 (full 0):
 garbage-first heap   total 165888K, used 130411K [0x0000000080000000, 0x0000000100000000)
  region size 1024K, 59 young (60416K), 8 survivors (8192K)
 Metaspace       used 91855K, capacity 93927K, committed 93960K, reserved 1130496K
  class space    used 11773K, capacity 12551K, committed 12568K, reserved 1048576K
}
Event: 35.771 GC heap after
{Heap after GC invocations=24 (full 0):
 garbage-first heap   total 165888K, used 84596K [0x0000000080000000, 0x0000000100000000)
  region size 1024K, 5 young (5120K), 5 survivors (5120K)
 Metaspace       used 91855K, capacity 93927K, committed 93960K, reserved 1130496K
  class space    used 11773K, capacity 12551K, committed 12568K, reserved 1048576K
}
Event: 37.877 GC heap before
{Heap before GC invocations=24 (full 0):
 garbage-first heap   total 165888K, used 132724K [0x0000000080000000, 0x0000000100000000)
  region size 1024K, 53 young (54272K), 5 survivors (5120K)
 Metaspace       used 92526K, capacity 94643K, committed 94856K, reserved 1132544K
  class space    used 11822K, capacity 12641K, committed 12696K, reserved 1048576K
}
Event: 37.903 GC heap after
{Heap after GC invocations=25 (full 0):
 garbage-first heap   total 199680K, used 88052K [0x0000000080000000, 0x0000000100000000)
  region size 1024K, 4 young (4096K), 4 survivors (4096K)
 Metaspace       used 92526K, capacity 94643K, committed 94856K, reserved 1132544K
  class space    used 11822K, capacity 12641K, committed 12696K, reserved 1048576K
}
Event: 40.275 GC heap before
{Heap before GC invocations=26 (full 0):
 garbage-first heap   total 199680K, used 150516K [0x0000000080000000, 0x0000000100000000)
  region size 1024K, 66 young (67584K), 4 survivors (4096K)
 Metaspace       used 94185K, capacity 96378K, committed 96648K, reserved 1132544K
  class space    used 12025K, capacity 12882K, committed 12952K, reserved 1048576K
}
Event: 40.300 GC heap after
{Heap after GC invocations=27 (full 0):
 garbage-first heap   total 199680K, used 91917K [0x0000000080000000, 0x0000000100000000)
  region size 1024K, 8 young (8192K), 8 survivors (8192K)
 Metaspace       used 94185K, capacity 96378K, committed 96648K, reserved 1132544K
  class space    used 12025K, capacity 12882K, committed 12952K, reserved 1048576K
}
Event: 41.980 GC heap before
{Heap before GC invocations=27 (full 0):
 garbage-first heap   total 199680K, used 155405K [0x0000000080000000, 0x0000000100000000)
  region size 1024K, 66 young (67584K), 8 survivors (8192K)
 Metaspace       used 96641K, capacity 98900K, committed 98952K, reserved 1134592K
  class space    used 12330K, capacity 13179K, committed 13208K, reserved 1048576K
}
Event: 42.005 GC heap after
{Heap after GC invocations=28 (full 0):
 garbage-first heap   total 199680K, used 101746K [0x0000000080000000, 0x0000000100000000)
  region size 1024K, 8 young (8192K), 8 survivors (8192K)
 Metaspace       used 96641K, capacity 98900K, committed 98952K, reserved 1134592K
  class space    used 12330K, capacity 13179K, committed 13208K, reserved 1048576K
}
Event: 43.318 GC heap before
{Heap before GC invocations=29 (full 0):
 garbage-first heap   total 199680K, used 132466K [0x0000000080000000, 0x0000000100000000)
  region size 1024K, 35 young (35840K), 8 survivors (8192K)
 Metaspace       used 100173K, capacity 102413K, committed 102536K, reserved 1138688K
  class space    used 12756K, capacity 13623K, committed 13720K, reserved 1048576K
}
Event: 43.344 GC heap after
{Heap after GC invocations=30 (full 0):
 garbage-first heap   total 199680K, used 111993K [0x0000000080000000, 0x0000000100000000)
  region size 1024K, 9 young (9216K), 9 survivors (9216K)
 Metaspace       used 100173K, capacity 102413K, committed 102536K, reserved 1138688K
  class space    used 12756K, capacity 13623K, committed 13720K, reserved 1048576K
}
Event: 44.312 GC heap before
{Heap before GC invocations=31 (full 0):
 garbage-first heap   total 199680K, used 184697K [0x0000000080000000, 0x0000000100000000)
  region size 1024K, 54 young (55296K), 9 survivors (9216K)
 Metaspace       used 101110K, capacity 103343K, committed 103688K, reserved 1138688K
  class space    used 12894K, capacity 13746K, committed 13848K, reserved 1048576K
}
Event: 44.467 GC heap after
{Heap after GC invocations=32 (full 0):
 garbage-first heap   total 210944K, used 138123K [0x0000000080000000, 0x0000000100000000)
  region size 1024K, 8 young (8192K), 8 survivors (8192K)
 Metaspace       used 101110K, capacity 103343K, committed 103688K, reserved 1138688K
  class space    used 12894K, capacity 13746K, committed 13848K, reserved 1048576K
}
Event: 45.751 GC heap before
{Heap before GC invocations=33 (full 0):
 garbage-first heap   total 210944K, used 171915K [0x0000000080000000, 0x0000000100000000)
  region size 1024K, 40 young (40960K), 8 survivors (8192K)
 Metaspace       used 103479K, capacity 105723K, committed 105992K, reserved 1140736K
  class space    used 13356K, capacity 14243K, committed 14360K, reserved 1048576K
}
Event: 45.818 GC heap after
{Heap after GC invocations=34 (full 0):
 garbage-first heap   total 210944K, used 151975K [0x0000000080000000, 0x0000000100000000)
  region size 1024K, 5 young (5120K), 5 survivors (5120K)
 Metaspace       used 103479K, capacity 105723K, committed 105992K, reserved 1140736K
  class space    used 13356K, capacity 14243K, committed 14360K, reserved 1048576K
}
Event: 46.132 GC heap before
{Heap before GC invocations=34 (full 0):
 garbage-first heap   total 210944K, used 173479K [0x0000000080000000, 0x0000000100000000)
  region size 1024K, 26 young (26624K), 5 survivors (5120K)
 Metaspace       used 103496K, capacity 105789K, committed 105992K, reserved 1140736K
  class space    used 13356K, capacity 14243K, committed 14360K, reserved 1048576K
}
Event: 46.179 GC heap after
{Heap after GC invocations=35 (full 0):
 garbage-first heap   total 210944K, used 163840K [0x0000000080000000, 0x0000000100000000)
  region size 1024K, 4 young (4096K), 4 survivors (4096K)
 Metaspace       used 103496K, capacity 105789K, committed 105992K, reserved 1140736K
  class space    used 13356K, capacity 14243K, committed 14360K, reserved 1048576K
}
Event: 46.771 GC heap before
{Heap before GC invocations=35 (full 0):
 garbage-first heap   total 210944K, used 176128K [0x0000000080000000, 0x0000000100000000)
  region size 1024K, 16 young (16384K), 4 survivors (4096K)
 Metaspace       used 103546K, capacity 105791K, committed 105992K, reserved 1140736K
  class space    used 13356K, capacity 14243K, committed 14360K, reserved 1048576K
}
Event: 46.801 GC heap after
{Heap after GC invocations=36 (full 0):
 garbage-first heap   total 210944K, used 170496K [0x0000000080000000, 0x0000000100000000)
  region size 1024K, 2 young (2048K), 2 survivors (2048K)
 Metaspace       used 103546K, capacity 105791K, committed 105992K, reserved 1140736K
  class space    used 13356K, capacity 14243K, committed 14360K, reserved 1048576K
}
Event: 47.054 GC heap before
{Heap before GC invocations=36 (full 0):
 garbage-first heap   total 210944K, used 178688K [0x0000000080000000, 0x0000000100000000)
  region size 1024K, 10 young (10240K), 2 survivors (2048K)
 Metaspace       used 103547K, capacity 105792K, committed 105992K, reserved 1140736K
  class space    used 13356K, capacity 14243K, committed 14360K, reserved 1048576K
}

