# JRE version: OpenJDK Runtime Environment (11.0.13) (build 11.0.13+0-b1751.21-8125866)
# Java VM: OpenJDK 64-Bit Server VM (11.0.13+0-b1751.21-8125866, mixed mode, tiered, compressed oops, g1 gc, windows-amd64)
Heap:
 garbage-first heap   total 301056K, used 259446K [0x0000000080000000, 0x0000000100000000)
  region size 1024K, 14 young (14336K), 4 survivors (4096K)
 Metaspace       used 155156K, capacity 161427K, committed 161692K, reserved 1189888K
  class space    used 19250K, capacity 21467K, committed 21504K, reserved 1048576K
GC Heap History (20 events):
Event: 2680.207 GC heap before
{Heap before GC invocations=200 (full 0):
 garbage-first heap   total 287744K, used 240853K [0x0000000080000000, 0x0000000100000000)
  region size 1024K, 50 young (51200K), 5 survivors (5120K)
 Metaspace       used 150524K, capacity 156341K, committed 156444K, reserved 1185792K
  class space    used 18747K, capacity 20823K, committed 20864K, reserved 1048576K
}
Event: 2680.230 GC heap after
{Heap after GC invocations=201 (full 0):
 garbage-first heap   total 287744K, used 197698K [0x0000000080000000, 0x0000000100000000)
  region size 1024K, 3 young (3072K), 3 survivors (3072K)
 Metaspace       used 150524K, capacity 156341K, committed 156444K, reserved 1185792K
  class space    used 18747K, capacity 20823K, committed 20864K, reserved 1048576K
}
Event: 2680.727 GC heap before
{Heap before GC invocations=201 (full 0):
 garbage-first heap   total 287744K, used 208962K [0x0000000080000000, 0x0000000100000000)
  region size 1024K, 14 young (14336K), 3 survivors (3072K)
 Metaspace       used 151030K, capacity 156969K, committed 157084K, reserved 1185792K
  class space    used 18807K, capacity 20943K, committed 20992K, reserved 1048576K
}
Event: 2680.764 GC heap after
{Heap after GC invocations=202 (full 0):
 garbage-first heap   total 287744K, used 190028K [0x0000000080000000, 0x0000000100000000)
  region size 1024K, 2 young (2048K), 2 survivors (2048K)
 Metaspace       used 151030K, capacity 156969K, committed 157084K, reserved 1185792K
  class space    used 18807K, capacity 20943K, committed 20992K, reserved 1048576K
}
Event: 2681.857 GC heap before
{Heap before GC invocations=202 (full 0):
 garbage-first heap   total 287744K, used 240204K [0x0000000080000000, 0x0000000100000000)
  region size 1024K, 51 young (52224K), 2 survivors (2048K)
 Metaspace       used 152101K, capacity 158151K, committed 158236K, reserved 1185792K
  class space    used 18943K, capacity 21106K, committed 21120K, reserved 1048576K
}
Event: 2681.875 GC heap after
{Heap after GC invocations=203 (full 0):
 garbage-first heap   total 287744K, used 193515K [0x0000000080000000, 0x0000000100000000)
  region size 1024K, 6 young (6144K), 6 survivors (6144K)
 Metaspace       used 152101K, capacity 158151K, committed 158236K, reserved 1185792K
  class space    used 18943K, capacity 21106K, committed 21120K, reserved 1048576K
}
Event: 2682.942 GC heap before
{Heap before GC invocations=204 (full 0):
 garbage-first heap   total 287744K, used 241643K [0x0000000080000000, 0x0000000100000000)
  region size 1024K, 53 young (54272K), 6 survivors (6144K)
 Metaspace       used 152898K, capacity 159061K, committed 159132K, reserved 1187840K
  class space    used 19035K, capacity 21189K, committed 21248K, reserved 1048576K
}
Event: 2682.971 GC heap after
{Heap after GC invocations=205 (full 0):
 garbage-first heap   total 287744K, used 196972K [0x0000000080000000, 0x0000000100000000)
  region size 1024K, 4 young (4096K), 4 survivors (4096K)
 Metaspace       used 152898K, capacity 159061K, committed 159132K, reserved 1187840K
  class space    used 19035K, capacity 21189K, committed 21248K, reserved 1048576K
}
Event: 2683.360 GC heap before
{Heap before GC invocations=205 (full 0):
 garbage-first heap   total 287744K, used 206188K [0x0000000080000000, 0x0000000100000000)
  region size 1024K, 14 young (14336K), 4 survivors (4096K)
 Metaspace       used 152902K, capacity 159061K, committed 159132K, reserved 1187840K
  class space    used 19035K, capacity 21189K, committed 21248K, reserved 1048576K
}
Event: 2683.386 GC heap after
{Heap after GC invocations=206 (full 0):
 garbage-first heap   total 287744K, used 190425K [0x0000000080000000, 0x0000000100000000)
  region size 1024K, 1 young (1024K), 1 survivors (1024K)
 Metaspace       used 152902K, capacity 159061K, committed 159132K, reserved 1187840K
  class space    used 19035K, capacity 21189K, committed 21248K, reserved 1048576K
}
Event: 2697.888 GC heap before
{Heap before GC invocations=206 (full 0):
 garbage-first heap   total 287744K, used 240601K [0x0000000080000000, 0x0000000100000000)
  region size 1024K, 51 young (52224K), 1 survivors (1024K)
 Metaspace       used 153509K, capacity 159794K, committed 160028K, reserved 1187840K
  class space    used 19114K, capacity 21357K, committed 21376K, reserved 1048576K
}
Event: 2697.920 GC heap after
{Heap after GC invocations=207 (full 0):
 garbage-first heap   total 287744K, used 193907K [0x0000000080000000, 0x0000000100000000)
  region size 1024K, 5 young (5120K), 5 survivors (5120K)
 Metaspace       used 153509K, capacity 159794K, committed 160028K, reserved 1187840K
  class space    used 19114K, capacity 21357K, committed 21376K, reserved 1048576K
}
Event: 2700.532 GC heap before
{Heap before GC invocations=208 (full 0):
 garbage-first heap   total 287744K, used 242035K [0x0000000080000000, 0x0000000100000000)
  region size 1024K, 53 young (54272K), 5 survivors (5120K)
 Metaspace       used 153602K, capacity 159790K, committed 160028K, reserved 1187840K
  class space    used 19106K, capacity 21311K, committed 21376K, reserved 1048576K
}
Event: 2700.561 GC heap after
{Heap after GC invocations=209 (full 0):
 garbage-first heap   total 287744K, used 199220K [0x0000000080000000, 0x0000000100000000)
  region size 1024K, 6 young (6144K), 6 survivors (6144K)
 Metaspace       used 153602K, capacity 159790K, committed 160028K, reserved 1187840K
  class space    used 19106K, capacity 21311K, committed 21376K, reserved 1048576K
}
Event: 2702.478 GC heap before
{Heap before GC invocations=209 (full 0):
 garbage-first heap   total 287744K, used 226868K [0x0000000080000000, 0x0000000100000000)
  region size 1024K, 35 young (35840K), 6 survivors (6144K)
 Metaspace       used 154705K, capacity 160995K, committed 161180K, reserved 1189888K
  class space    used 19230K, capacity 21455K, committed 21504K, reserved 1048576K
}
Event: 2702.509 GC heap after
{Heap after GC invocations=210 (full 0):
 garbage-first heap   total 287744K, used 200502K [0x0000000080000000, 0x0000000100000000)
  region size 1024K, 2 young (2048K), 2 survivors (2048K)
 Metaspace       used 154705K, capacity 160995K, committed 161180K, reserved 1189888K
  class space    used 19230K, capacity 21455K, committed 21504K, reserved 1048576K
}
Event: 2703.253 GC heap before
{Heap before GC invocations=210 (full 0):
 garbage-first heap   total 287744K, used 280374K [0x0000000080000000, 0x0000000100000000)
  region size 1024K, 42 young (43008K), 2 survivors (2048K)
 Metaspace       used 154755K, capacity 160997K, committed 161180K, reserved 1189888K
  class space    used 19230K, capacity 21455K, committed 21504K, reserved 1048576K
}
Event: 2703.304 GC heap after
{Heap after GC invocations=211 (full 0):
 garbage-first heap   total 301056K, used 240344K [0x0000000080000000, 0x0000000100000000)
  region size 1024K, 6 young (6144K), 6 survivors (6144K)
 Metaspace       used 154755K, capacity 160997K, committed 161180K, reserved 1189888K
  class space    used 19230K, capacity 21455K, committed 21504K, reserved 1048576K
}
Event: 2703.769 GC heap before
{Heap before GC invocations=212 (full 0):
 garbage-first heap   total 301056K, used 261848K [0x0000000080000000, 0x0000000100000000)
  region size 1024K, 25 young (25600K), 6 survivors (6144K)
 Metaspace       used 155035K, capacity 161293K, committed 161436K, reserved 1189888K
  class space    used 19250K, capacity 21467K, committed 21504K, reserved 1048576K
}
Event: 2703.836 GC heap after
{Heap after GC invocations=213 (full 0):
 garbage-first heap   total 301056K, used 250230K [0x0000000080000000, 0x0000000100000000)
  region size 1024K, 4 young (4096K), 4 survivors (4096K)
 Metaspace       used 155035K, capacity 161293K, committed 161436K, reserved 1189888K
  class space    used 19250K, capacity 21467K, committed 21504K, reserved 1048576K
}

