# JRE version: OpenJDK Runtime Environment (11.0.13) (build 11.0.13+0-b1751.21-8125866)
# Java VM: OpenJDK 64-Bit Server VM (11.0.13+0-b1751.21-8125866, mixed mode, tiered, compressed oops, g1 gc, windows-amd64)
Heap:
 garbage-first heap   total 405504K, used 334516K [0x0000000080000000, 0x0000000100000000)
  region size 1024K, 106 young (108544K), 1 survivors (1024K)
 Metaspace       used 170581K, capacity 176661K, committed 177072K, reserved 1204224K
  class space    used 20674K, capacity 22905K, committed 23040K, reserved 1048576K
GC Heap History (20 events):
Event: 4031.859 GC heap before
{Heap before GC invocations=197 (full 0):
 garbage-first heap   total 405504K, used 256039K [0x0000000080000000, 0x0000000100000000)
  region size 1024K, 64 young (65536K), 2 survivors (2048K)
 Metaspace       used 168272K, capacity 173513K, committed 173616K, reserved 1200128K
  class space    used 20405K, capacity 22387K, committed 22400K, reserved 1048576K
}
Event: 4031.890 GC heap after
{Heap after GC invocations=198 (full 0):
 garbage-first heap   total 405504K, used 200025K [0x0000000080000000, 0x0000000100000000)
  region size 1024K, 7 young (7168K), 7 survivors (7168K)
 Metaspace       used 168272K, capacity 173513K, committed 173616K, reserved 1200128K
  class space    used 20405K, capacity 22387K, committed 22400K, reserved 1048576K
}
Event: 4313.562 GC heap before
{Heap before GC invocations=199 (full 0):
 garbage-first heap   total 405504K, used 350553K [0x0000000080000000, 0x0000000100000000)
  region size 1024K, 115 young (117760K), 7 survivors (7168K)
 Metaspace       used 169111K, capacity 174787K, committed 175024K, reserved 1202176K
  class space    used 20560K, capacity 22674K, committed 22784K, reserved 1048576K
}
Event: 4313.592 GC heap after
{Heap after GC invocations=200 (full 0):
 garbage-first heap   total 405504K, used 201626K [0x0000000080000000, 0x0000000100000000)
  region size 1024K, 9 young (9216K), 9 survivors (9216K)
 Metaspace       used 169111K, capacity 174787K, committed 175024K, reserved 1202176K
  class space    used 20560K, capacity 22674K, committed 22784K, reserved 1048576K
}
Event: 4313.875 GC heap before
{Heap before GC invocations=200 (full 0):
 garbage-first heap   total 405504K, used 210842K [0x0000000080000000, 0x0000000100000000)
  region size 1024K, 19 young (19456K), 9 survivors (9216K)
 Metaspace       used 169223K, capacity 174958K, committed 175280K, reserved 1202176K
  class space    used 20578K, capacity 22707K, committed 22784K, reserved 1048576K
}
Event: 4313.902 GC heap after
{Heap after GC invocations=201 (full 0):
 garbage-first heap   total 405504K, used 196338K [0x0000000080000000, 0x0000000100000000)
  region size 1024K, 2 young (2048K), 2 survivors (2048K)
 Metaspace       used 169223K, capacity 174958K, committed 175280K, reserved 1202176K
  class space    used 20578K, capacity 22707K, committed 22784K, reserved 1048576K
}
Event: 4320.749 GC heap before
{Heap before GC invocations=201 (full 0):
 garbage-first heap   total 405504K, used 257778K [0x0000000080000000, 0x0000000100000000)
  region size 1024K, 64 young (65536K), 2 survivors (2048K)
 Metaspace       used 169894K, capacity 175975K, committed 176176K, reserved 1202176K
  class space    used 20664K, capacity 22867K, committed 22912K, reserved 1048576K
}
Event: 4320.791 GC heap after
{Heap after GC invocations=202 (full 0):
 garbage-first heap   total 405504K, used 201702K [0x0000000080000000, 0x0000000100000000)
  region size 1024K, 7 young (7168K), 7 survivors (7168K)
 Metaspace       used 169894K, capacity 175975K, committed 176176K, reserved 1202176K
  class space    used 20664K, capacity 22867K, committed 22912K, reserved 1048576K
}
Event: 4380.569 GC heap before
{Heap before GC invocations=203 (full 0):
 garbage-first heap   total 405504K, used 369619K [0x0000000080000000, 0x0000000100000000)
  region size 1024K, 123 young (125952K), 7 survivors (7168K)
 Metaspace       used 169991K, capacity 176013K, committed 176176K, reserved 1202176K
  class space    used 20661K, capacity 22861K, committed 22912K, reserved 1048576K
}
Event: 4380.585 GC heap after
{Heap after GC invocations=204 (full 0):
 garbage-first heap   total 405504K, used 201279K [0x0000000080000000, 0x0000000100000000)
  region size 1024K, 7 young (7168K), 7 survivors (7168K)
 Metaspace       used 169991K, capacity 176013K, committed 176176K, reserved 1202176K
  class space    used 20661K, capacity 22861K, committed 22912K, reserved 1048576K
}
Event: 4397.956 GC heap before
{Heap before GC invocations=204 (full 0):
 garbage-first heap   total 405504K, used 213567K [0x0000000080000000, 0x0000000100000000)
  region size 1024K, 19 young (19456K), 7 survivors (7168K)
 Metaspace       used 169995K, capacity 176013K, committed 176176K, reserved 1202176K
  class space    used 20661K, capacity 22861K, committed 22912K, reserved 1048576K
}
Event: 4398.008 GC heap after
{Heap after GC invocations=205 (full 0):
 garbage-first heap   total 405504K, used 193958K [0x0000000080000000, 0x0000000100000000)
  region size 1024K, 3 young (3072K), 3 survivors (3072K)
 Metaspace       used 169995K, capacity 176013K, committed 176176K, reserved 1202176K
  class space    used 20661K, capacity 22861K, committed 22912K, reserved 1048576K
}
Event: 4471.721 GC heap before
{Heap before GC invocations=205 (full 0):
 garbage-first heap   total 405504K, used 319910K [0x0000000080000000, 0x0000000100000000)
  region size 1024K, 127 young (130048K), 3 survivors (3072K)
 Metaspace       used 170385K, capacity 176474K, committed 176560K, reserved 1202176K
  class space    used 20707K, capacity 22975K, committed 23040K, reserved 1048576K
}
Event: 4471.765 GC heap after
{Heap after GC invocations=206 (full 0):
 garbage-first heap   total 405504K, used 199794K [0x0000000080000000, 0x0000000100000000)
  region size 1024K, 8 young (8192K), 8 survivors (8192K)
 Metaspace       used 170385K, capacity 176474K, committed 176560K, reserved 1202176K
  class space    used 20707K, capacity 22975K, committed 23040K, reserved 1048576K
}
Event: 4487.709 GC heap before
{Heap before GC invocations=207 (full 0):
 garbage-first heap   total 405504K, used 345202K [0x0000000080000000, 0x0000000100000000)
  region size 1024K, 131 young (134144K), 8 survivors (8192K)
 Metaspace       used 170412K, capacity 176497K, committed 177072K, reserved 1204224K
  class space    used 20657K, capacity 22878K, committed 23040K, reserved 1048576K
}
Event: 4487.752 GC heap after
{Heap after GC invocations=208 (full 0):
 garbage-first heap   total 405504K, used 202499K [0x0000000080000000, 0x0000000100000000)
  region size 1024K, 11 young (11264K), 11 survivors (11264K)
 Metaspace       used 170412K, capacity 176497K, committed 177072K, reserved 1204224K
  class space    used 20657K, capacity 22878K, committed 23040K, reserved 1048576K
}
Event: 4488.081 GC heap before
{Heap before GC invocations=208 (full 0):
 garbage-first heap   total 405504K, used 210691K [0x0000000080000000, 0x0000000100000000)
  region size 1024K, 19 young (19456K), 11 survivors (11264K)
 Metaspace       used 170480K, capacity 176596K, committed 177072K, reserved 1204224K
  class space    used 20671K, capacity 22905K, committed 23040K, reserved 1048576K
}
Event: 4488.118 GC heap after
{Heap after GC invocations=209 (full 0):
 garbage-first heap   total 405504K, used 200091K [0x0000000080000000, 0x0000000100000000)
  region size 1024K, 2 young (2048K), 2 survivors (2048K)
 Metaspace       used 170480K, capacity 176596K, committed 177072K, reserved 1204224K
  class space    used 20671K, capacity 22905K, committed 23040K, reserved 1048576K
}
Event: 4488.197 GC heap before
{Heap before GC invocations=209 (full 0):
 garbage-first heap   total 405504K, used 202139K [0x0000000080000000, 0x0000000100000000)
  region size 1024K, 5 young (5120K), 2 survivors (2048K)
 Metaspace       used 170480K, capacity 176596K, committed 177072K, reserved 1204224K
  class space    used 20671K, capacity 22905K, committed 23040K, reserved 1048576K
}
Event: 4488.216 GC heap after
{Heap after GC invocations=210 (full 0):
 garbage-first heap   total 405504K, used 199348K [0x0000000080000000, 0x0000000100000000)
  region size 1024K, 1 young (1024K), 1 survivors (1024K)
 Metaspace       used 170480K, capacity 176596K, committed 177072K, reserved 1204224K
  class space    used 20671K, capacity 22905K, committed 23040K, reserved 1048576K
}

