# JRE version: OpenJDK Runtime Environment (11.0.13) (build 11.0.13+0-b1751.21-8125866)
# Java VM: OpenJDK 64-Bit Server VM (11.0.13+0-b1751.21-8125866, mixed mode, tiered, compressed oops, g1 gc, windows-amd64)
Heap:
 garbage-first heap   total 199680K, used 92279K [0x0000000080000000, 0x0000000100000000)
  region size 1024K, 6 young (6144K), 6 survivors (6144K)
 Metaspace       used 95146K, capacity 97380K, committed 97588K, reserved 1134592K
  class space    used 12136K, capacity 13000K, committed 13036K, reserved 1048576K
GC Heap History (20 events):
Event: 20.960 GC heap after
{Heap after GC invocations=15 (full 0):
 garbage-first heap   total 165888K, used 53545K [0x0000000080000000, 0x0000000100000000)
  region size 1024K, 2 young (2048K), 2 survivors (2048K)
 Metaspace       used 58864K, capacity 60292K, committed 60368K, reserved 1101824K
  class space    used 7362K, capacity 7896K, committed 7968K, reserved 1048576K
}
Event: 23.051 GC heap before
{Heap before GC invocations=16 (full 0):
 garbage-first heap   total 165888K, used 114985K [0x0000000080000000, 0x0000000100000000)
  region size 1024K, 56 young (57344K), 2 survivors (2048K)
 Metaspace       used 64205K, capacity 65688K, committed 65844K, reserved 1105920K
  class space    used 8024K, capacity 8621K, committed 8684K, reserved 1048576K
}
Event: 23.070 GC heap after
{Heap after GC invocations=17 (full 0):
 garbage-first heap   total 165888K, used 58111K [0x0000000080000000, 0x0000000100000000)
  region size 1024K, 6 young (6144K), 6 survivors (6144K)
 Metaspace       used 64205K, capacity 65688K, committed 65844K, reserved 1105920K
  class space    used 8024K, capacity 8621K, committed 8684K, reserved 1048576K
}
Event: 25.948 GC heap before
{Heap before GC invocations=18 (full 0):
 garbage-first heap   total 165888K, used 114431K [0x0000000080000000, 0x0000000100000000)
  region size 1024K, 61 young (62464K), 6 survivors (6144K)
 Metaspace       used 68884K, capacity 70390K, committed 70580K, reserved 1110016K
  class space    used 8605K, capacity 9196K, committed 9324K, reserved 1048576K
}
Event: 25.970 GC heap after
{Heap after GC invocations=19 (full 0):
 garbage-first heap   total 165888K, used 61896K [0x0000000080000000, 0x0000000100000000)
  region size 1024K, 4 young (4096K), 4 survivors (4096K)
 Metaspace       used 68884K, capacity 70390K, committed 70580K, reserved 1110016K
  class space    used 8605K, capacity 9196K, committed 9324K, reserved 1048576K
}
Event: 27.131 GC heap before
{Heap before GC invocations=19 (full 0):
 garbage-first heap   total 165888K, used 118216K [0x0000000080000000, 0x0000000100000000)
  region size 1024K, 59 young (60416K), 4 survivors (4096K)
 Metaspace       used 70804K, capacity 72368K, committed 72500K, reserved 1112064K
  class space    used 8835K, capacity 9428K, committed 9452K, reserved 1048576K
}
Event: 27.150 GC heap after
{Heap after GC invocations=20 (full 0):
 garbage-first heap   total 165888K, used 65412K [0x0000000080000000, 0x0000000100000000)
  region size 1024K, 8 young (8192K), 8 survivors (8192K)
 Metaspace       used 70804K, capacity 72368K, committed 72500K, reserved 1112064K
  class space    used 8835K, capacity 9428K, committed 9452K, reserved 1048576K
}
Event: 29.629 GC heap before
{Heap before GC invocations=20 (full 0):
 garbage-first heap   total 165888K, used 121732K [0x0000000080000000, 0x0000000100000000)
  region size 1024K, 63 young (64512K), 8 survivors (8192K)
 Metaspace       used 76838K, capacity 78479K, committed 78644K, reserved 1118208K
  class space    used 9811K, capacity 10428K, committed 10476K, reserved 1048576K
}
Event: 29.651 GC heap after
{Heap after GC invocations=21 (full 0):
 garbage-first heap   total 165888K, used 69038K [0x0000000080000000, 0x0000000100000000)
  region size 1024K, 8 young (8192K), 8 survivors (8192K)
 Metaspace       used 76838K, capacity 78479K, committed 78644K, reserved 1118208K
  class space    used 9811K, capacity 10428K, committed 10476K, reserved 1048576K
}
Event: 31.601 GC heap before
{Heap before GC invocations=21 (full 0):
 garbage-first heap   total 165888K, used 125358K [0x0000000080000000, 0x0000000100000000)
  region size 1024K, 63 young (64512K), 8 survivors (8192K)
 Metaspace       used 81536K, capacity 83297K, committed 83508K, reserved 1122304K
  class space    used 10493K, capacity 11157K, committed 11244K, reserved 1048576K
}
Event: 31.622 GC heap after
{Heap after GC invocations=22 (full 0):
 garbage-first heap   total 165888K, used 73054K [0x0000000080000000, 0x0000000100000000)
  region size 1024K, 8 young (8192K), 8 survivors (8192K)
 Metaspace       used 81536K, capacity 83297K, committed 83508K, reserved 1122304K
  class space    used 10493K, capacity 11157K, committed 11244K, reserved 1048576K
}
Event: 33.713 GC heap before
{Heap before GC invocations=22 (full 0):
 garbage-first heap   total 165888K, used 128350K [0x0000000080000000, 0x0000000100000000)
  region size 1024K, 63 young (64512K), 8 survivors (8192K)
 Metaspace       used 87576K, capacity 89454K, committed 89652K, reserved 1126400K
  class space    used 11227K, capacity 11959K, committed 12012K, reserved 1048576K
}
Event: 33.741 GC heap after
{Heap after GC invocations=23 (full 0):
 garbage-first heap   total 165888K, used 78190K [0x0000000080000000, 0x0000000100000000)
  region size 1024K, 8 young (8192K), 8 survivors (8192K)
 Metaspace       used 87576K, capacity 89454K, committed 89652K, reserved 1126400K
  class space    used 11227K, capacity 11959K, committed 12012K, reserved 1048576K
}
Event: 36.057 GC heap before
{Heap before GC invocations=23 (full 0):
 garbage-first heap   total 165888K, used 129390K [0x0000000080000000, 0x0000000100000000)
  region size 1024K, 59 young (60416K), 8 survivors (8192K)
 Metaspace       used 91836K, capacity 93916K, committed 94132K, reserved 1130496K
  class space    used 11779K, capacity 12572K, committed 12652K, reserved 1048576K
}
Event: 36.086 GC heap after
{Heap after GC invocations=24 (full 0):
 garbage-first heap   total 165888K, used 83551K [0x0000000080000000, 0x0000000100000000)
  region size 1024K, 5 young (5120K), 5 survivors (5120K)
 Metaspace       used 91836K, capacity 93916K, committed 94132K, reserved 1130496K
  class space    used 11779K, capacity 12572K, committed 12652K, reserved 1048576K
}
Event: 38.287 GC heap before
{Heap before GC invocations=24 (full 0):
 garbage-first heap   total 165888K, used 131679K [0x0000000080000000, 0x0000000100000000)
  region size 1024K, 53 young (54272K), 5 survivors (5120K)
 Metaspace       used 92538K, capacity 94647K, committed 94900K, reserved 1132544K
  class space    used 11826K, capacity 12628K, committed 12652K, reserved 1048576K
}
Event: 38.313 GC heap after
{Heap after GC invocations=25 (full 0):
 garbage-first heap   total 165888K, used 86786K [0x0000000080000000, 0x0000000100000000)
  region size 1024K, 4 young (4096K), 4 survivors (4096K)
 Metaspace       used 92538K, capacity 94647K, committed 94900K, reserved 1132544K
  class space    used 11826K, capacity 12628K, committed 12652K, reserved 1048576K
}
Event: 40.323 GC heap before
{Heap before GC invocations=26 (full 0):
 garbage-first heap   total 165888K, used 133890K [0x0000000080000000, 0x0000000100000000)
  region size 1024K, 51 young (52224K), 4 survivors (4096K)
 Metaspace       used 93584K, capacity 95807K, committed 95924K, reserved 1132544K
  class space    used 11936K, capacity 12807K, committed 12908K, reserved 1048576K
}
Event: 40.357 GC heap after
{Heap after GC invocations=27 (full 0):
 garbage-first heap   total 165888K, used 90112K [0x0000000080000000, 0x0000000100000000)
  region size 1024K, 7 young (7168K), 7 survivors (7168K)
 Metaspace       used 93584K, capacity 95807K, committed 95924K, reserved 1132544K
  class space    used 11936K, capacity 12807K, committed 12908K, reserved 1048576K
}
Event: 42.318 GC heap before
{Heap before GC invocations=27 (full 0):
 garbage-first heap   total 165888K, used 135168K [0x0000000080000000, 0x0000000100000000)
  region size 1024K, 52 young (53248K), 7 survivors (7168K)
 Metaspace       used 95146K, capacity 97380K, committed 97588K, reserved 1134592K
  class space    used 12136K, capacity 13000K, committed 13036K, reserved 1048576K
}

