# JRE version: OpenJDK Runtime Environment (11.0.13) (build 11.0.13+0-b1751.21-8125866)
# Java VM: OpenJDK 64-Bit Server VM (11.0.13+0-b1751.21-8125866, mixed mode, tiered, compressed oops, g1 gc, windows-amd64)
Heap:
 garbage-first heap   total 258048K, used 178141K [0x0000000080000000, 0x0000000100000000)
  region size 1024K, 2 young (2048K), 2 survivors (2048K)
 Metaspace       used 103615K, capacity 105909K, committed 106228K, reserved 1140736K
  class space    used 13354K, capacity 14240K, committed 14368K, reserved 1048576K
GC Heap History (20 events):
Event: 45.453 GC heap after
{Heap after GC invocations=30 (full 0):
 garbage-first heap   total 165888K, used 93003K [0x0000000080000000, 0x0000000100000000)
  region size 1024K, 3 young (3072K), 3 survivors (3072K)
 Metaspace       used 96584K, capacity 98747K, committed 98932K, reserved 1134592K
  class space    used 12298K, capacity 13148K, committed 13216K, reserved 1048576K
}
Event: 46.891 GC heap before
{Heap before GC invocations=31 (full 0):
 garbage-first heap   total 165888K, used 134987K [0x0000000080000000, 0x0000000100000000)
  region size 1024K, 35 young (35840K), 3 survivors (3072K)
 Metaspace       used 100453K, capacity 102694K, committed 103028K, reserved 1138688K
  class space    used 12783K, capacity 13635K, committed 13728K, reserved 1048576K
}
Event: 46.912 GC heap after
{Heap after GC invocations=32 (full 0):
 garbage-first heap   total 165888K, used 110698K [0x0000000080000000, 0x0000000100000000)
  region size 1024K, 6 young (6144K), 6 survivors (6144K)
 Metaspace       used 100453K, capacity 102694K, committed 103028K, reserved 1138688K
  class space    used 12783K, capacity 13635K, committed 13728K, reserved 1048576K
}
Event: 47.624 GC heap before
{Heap before GC invocations=33 (full 0):
 garbage-first heap   total 165888K, used 163946K [0x0000000080000000, 0x0000000100000000)
  region size 1024K, 31 young (31744K), 6 survivors (6144K)
 Metaspace       used 101116K, capacity 103327K, committed 103668K, reserved 1138688K
  class space    used 12883K, capacity 13741K, committed 13856K, reserved 1048576K
}
Event: 47.655 GC heap after
{Heap after GC invocations=34 (full 0):
 garbage-first heap   total 179200K, used 129379K [0x0000000080000000, 0x0000000100000000)
  region size 1024K, 5 young (5120K), 5 survivors (5120K)
 Metaspace       used 101116K, capacity 103327K, committed 103668K, reserved 1138688K
  class space    used 12883K, capacity 13741K, committed 13856K, reserved 1048576K
}
Event: 47.913 GC heap before
{Heap before GC invocations=34 (full 0):
 garbage-first heap   total 179200K, used 146787K [0x0000000080000000, 0x0000000100000000)
  region size 1024K, 24 young (24576K), 5 survivors (5120K)
 Metaspace       used 101183K, capacity 103405K, committed 103668K, reserved 1138688K
  class space    used 12892K, capacity 13746K, committed 13856K, reserved 1048576K
}
Event: 47.953 GC heap after
{Heap after GC invocations=35 (full 0):
 garbage-first heap   total 179200K, used 136513K [0x0000000080000000, 0x0000000100000000)
  region size 1024K, 3 young (3072K), 3 survivors (3072K)
 Metaspace       used 101183K, capacity 103405K, committed 103668K, reserved 1138688K
  class space    used 12892K, capacity 13746K, committed 13856K, reserved 1048576K
}
Event: 48.314 GC heap before
{Heap before GC invocations=35 (full 0):
 garbage-first heap   total 179200K, used 151873K [0x0000000080000000, 0x0000000100000000)
  region size 1024K, 16 young (16384K), 3 survivors (3072K)
 Metaspace       used 101754K, capacity 104026K, committed 104308K, reserved 1140736K
  class space    used 12983K, capacity 13871K, committed 13984K, reserved 1048576K
}
Event: 48.342 GC heap after
{Heap after GC invocations=36 (full 0):
 garbage-first heap   total 179200K, used 143730K [0x0000000080000000, 0x0000000100000000)
  region size 1024K, 2 young (2048K), 2 survivors (2048K)
 Metaspace       used 101754K, capacity 104026K, committed 104308K, reserved 1140736K
  class space    used 12983K, capacity 13871K, committed 13984K, reserved 1048576K
}
Event: 48.986 GC heap before
{Heap before GC invocations=37 (full 0):
 garbage-first heap   total 179200K, used 151922K [0x0000000080000000, 0x0000000100000000)
  region size 1024K, 11 young (11264K), 2 survivors (2048K)
 Metaspace       used 103469K, capacity 105743K, committed 105972K, reserved 1140736K
  class space    used 13363K, capacity 14257K, committed 14368K, reserved 1048576K
}
Event: 49.009 GC heap after
{Heap after GC invocations=38 (full 0):
 garbage-first heap   total 179200K, used 146729K [0x0000000080000000, 0x0000000100000000)
  region size 1024K, 2 young (2048K), 2 survivors (2048K)
 Metaspace       used 103469K, capacity 105743K, committed 105972K, reserved 1140736K
  class space    used 13363K, capacity 14257K, committed 14368K, reserved 1048576K
}
Event: 49.205 GC heap before
{Heap before GC invocations=38 (full 0):
 garbage-first heap   total 179200K, used 153897K [0x0000000080000000, 0x0000000100000000)
  region size 1024K, 9 young (9216K), 2 survivors (2048K)
 Metaspace       used 103561K, capacity 105884K, committed 106228K, reserved 1140736K
  class space    used 13363K, capacity 14257K, committed 14368K, reserved 1048576K
}
Event: 49.224 GC heap after
{Heap after GC invocations=39 (full 0):
 garbage-first heap   total 215040K, used 150370K [0x0000000080000000, 0x0000000100000000)
  region size 1024K, 2 young (2048K), 2 survivors (2048K)
 Metaspace       used 103561K, capacity 105884K, committed 106228K, reserved 1140736K
  class space    used 13363K, capacity 14257K, committed 14368K, reserved 1048576K
}
Event: 50.050 GC heap before
{Heap before GC invocations=40 (full 0):
 garbage-first heap   total 215040K, used 166754K [0x0000000080000000, 0x0000000100000000)
  region size 1024K, 19 young (19456K), 2 survivors (2048K)
 Metaspace       used 103596K, capacity 105905K, committed 106228K, reserved 1140736K
  class space    used 13354K, capacity 14240K, committed 14368K, reserved 1048576K
}
Event: 50.073 GC heap after
{Heap after GC invocations=41 (full 0):
 garbage-first heap   total 215040K, used 159220K [0x0000000080000000, 0x0000000100000000)
  region size 1024K, 3 young (3072K), 3 survivors (3072K)
 Metaspace       used 103596K, capacity 105905K, committed 106228K, reserved 1140736K
  class space    used 13354K, capacity 14240K, committed 14368K, reserved 1048576K
}
Event: 50.294 GC heap before
{Heap before GC invocations=41 (full 0):
 garbage-first heap   total 215040K, used 173556K [0x0000000080000000, 0x0000000100000000)
  region size 1024K, 17 young (17408K), 3 survivors (3072K)
 Metaspace       used 103599K, capacity 105908K, committed 106228K, reserved 1140736K
  class space    used 13354K, capacity 14240K, committed 14368K, reserved 1048576K
}
Event: 50.319 GC heap after
{Heap after GC invocations=42 (full 0):
 garbage-first heap   total 215040K, used 166858K [0x0000000080000000, 0x0000000100000000)
  region size 1024K, 3 young (3072K), 3 survivors (3072K)
 Metaspace       used 103599K, capacity 105908K, committed 106228K, reserved 1140736K
  class space    used 13354K, capacity 14240K, committed 14368K, reserved 1048576K
}
Event: 50.661 GC heap before
{Heap before GC invocations=42 (full 0):
 garbage-first heap   total 215040K, used 178122K [0x0000000080000000, 0x0000000100000000)
  region size 1024K, 14 young (14336K), 3 survivors (3072K)
 Metaspace       used 103605K, capacity 105909K, committed 106228K, reserved 1140736K
  class space    used 13354K, capacity 14240K, committed 14368K, reserved 1048576K
}
Event: 50.679 GC heap after
{Heap after GC invocations=43 (full 0):
 garbage-first heap   total 215040K, used 173056K [0x0000000080000000, 0x0000000100000000)
  region size 1024K, 2 young (2048K), 2 survivors (2048K)
 Metaspace       used 103605K, capacity 105909K, committed 106228K, reserved 1140736K
  class space    used 13354K, capacity 14240K, committed 14368K, reserved 1048576K
}
Event: 50.973 GC heap before
{Heap before GC invocations=43 (full 0):
 garbage-first heap   total 215040K, used 182272K [0x0000000080000000, 0x0000000100000000)
  region size 1024K, 11 young (11264K), 2 survivors (2048K)
 Metaspace       used 103615K, capacity 105909K, committed 106228K, reserved 1140736K
  class space    used 13354K, capacity 14240K, committed 14368K, reserved 1048576K
}

