# JRE version: OpenJDK Runtime Environment (11.0.13) (build 11.0.13+0-b1751.21-8125866)
# Java VM: OpenJDK 64-Bit Server VM (11.0.13+0-b1751.21-8125866, mixed mode, tiered, compressed oops, g1 gc, windows-amd64)
Heap:
 garbage-first heap   total 305152K, used 234496K [0x0000000080000000, 0x0000000100000000)
  region size 1024K, 2 young (2048K), 2 survivors (2048K)
 Metaspace       used 129784K, capacity 132929K, committed 133120K, reserved 1165312K
  class space    used 16185K, capacity 17302K, committed 17408K, reserved 1048576K
GC Heap History (20 events):
Event: 191.617 GC heap after
{Heap after GC invocations=70 (full 0):
 garbage-first heap   total 239616K, used 182544K [0x0000000080000000, 0x0000000100000000)
  region size 1024K, 1 young (1024K), 1 survivors (1024K)
 Metaspace       used 125709K, capacity 128749K, committed 128896K, reserved 1161216K
  class space    used 15641K, capacity 16752K, committed 16768K, reserved 1048576K
}
Event: 192.222 GC heap before
{Heap before GC invocations=70 (full 0):
 garbage-first heap   total 239616K, used 195856K [0x0000000080000000, 0x0000000100000000)
  region size 1024K, 16 young (16384K), 1 survivors (1024K)
 Metaspace       used 125971K, capacity 129130K, committed 129280K, reserved 1161216K
  class space    used 15666K, capacity 16790K, committed 16896K, reserved 1048576K
}
Event: 192.230 GC heap after
{Heap after GC invocations=71 (full 0):
 garbage-first heap   total 239616K, used 183173K [0x0000000080000000, 0x0000000100000000)
  region size 1024K, 2 young (2048K), 2 survivors (2048K)
 Metaspace       used 125971K, capacity 129130K, committed 129280K, reserved 1161216K
  class space    used 15666K, capacity 16790K, committed 16896K, reserved 1048576K
}
Event: 193.193 GC heap before
{Heap before GC invocations=72 (full 0):
 garbage-first heap   total 239616K, used 217989K [0x0000000080000000, 0x0000000100000000)
  region size 1024K, 26 young (26624K), 2 survivors (2048K)
 Metaspace       used 127311K, capacity 130442K, committed 130688K, reserved 1163264K
  class space    used 15850K, capacity 16966K, committed 17024K, reserved 1048576K
}
Event: 193.205 GC heap after
{Heap after GC invocations=73 (full 0):
 garbage-first heap   total 239616K, used 199415K [0x0000000080000000, 0x0000000100000000)
  region size 1024K, 4 young (4096K), 4 survivors (4096K)
 Metaspace       used 127311K, capacity 130442K, committed 130688K, reserved 1163264K
  class space    used 15850K, capacity 16966K, committed 17024K, reserved 1048576K
}
Event: 193.358 GC heap before
{Heap before GC invocations=73 (full 0):
 garbage-first heap   total 239616K, used 206583K [0x0000000080000000, 0x0000000100000000)
  region size 1024K, 11 young (11264K), 4 survivors (4096K)
 Metaspace       used 127529K, capacity 130609K, committed 130688K, reserved 1163264K
  class space    used 15882K, capacity 17000K, committed 17024K, reserved 1048576K
}
Event: 193.370 GC heap after
{Heap after GC invocations=74 (full 0):
 garbage-first heap   total 239616K, used 199179K [0x0000000080000000, 0x0000000100000000)
  region size 1024K, 1 young (1024K), 1 survivors (1024K)
 Metaspace       used 127529K, capacity 130609K, committed 130688K, reserved 1163264K
  class space    used 15882K, capacity 17000K, committed 17024K, reserved 1048576K
}
Event: 193.698 GC heap before
{Heap before GC invocations=74 (full 0):
 garbage-first heap   total 239616K, used 209419K [0x0000000080000000, 0x0000000100000000)
  region size 1024K, 12 young (12288K), 1 survivors (1024K)
 Metaspace       used 128548K, capacity 131634K, committed 131840K, reserved 1163264K
  class space    used 16006K, capacity 17143K, committed 17152K, reserved 1048576K
}
Event: 193.710 GC heap after
{Heap after GC invocations=75 (full 0):
 garbage-first heap   total 239616K, used 199897K [0x0000000080000000, 0x0000000100000000)
  region size 1024K, 2 young (2048K), 2 survivors (2048K)
 Metaspace       used 128548K, capacity 131634K, committed 131840K, reserved 1163264K
  class space    used 16006K, capacity 17143K, committed 17152K, reserved 1048576K
}
Event: 194.064 GC heap before
{Heap before GC invocations=75 (full 0):
 garbage-first heap   total 239616K, used 223449K [0x0000000080000000, 0x0000000100000000)
  region size 1024K, 12 young (12288K), 2 survivors (2048K)
 Metaspace       used 129362K, capacity 132533K, committed 132736K, reserved 1165312K
  class space    used 16121K, capacity 17253K, committed 17280K, reserved 1048576K
}
Event: 194.071 GC heap after
{Heap after GC invocations=76 (full 0):
 garbage-first heap   total 239616K, used 208161K [0x0000000080000000, 0x0000000100000000)
  region size 1024K, 2 young (2048K), 2 survivors (2048K)
 Metaspace       used 129362K, capacity 132533K, committed 132736K, reserved 1165312K
  class space    used 16121K, capacity 17253K, committed 17280K, reserved 1048576K
}
Event: 194.485 GC heap before
{Heap before GC invocations=77 (full 0):
 garbage-first heap   total 239616K, used 230689K [0x0000000080000000, 0x0000000100000000)
  region size 1024K, 11 young (11264K), 2 survivors (2048K)
 Metaspace       used 129680K, capacity 132855K, committed 133120K, reserved 1165312K
  class space    used 16174K, capacity 17299K, committed 17408K, reserved 1048576K
}
Event: 194.497 GC heap after
{Heap after GC invocations=78 (full 0):
 garbage-first heap   total 239616K, used 216423K [0x0000000080000000, 0x0000000100000000)
  region size 1024K, 2 young (2048K), 2 survivors (2048K)
 Metaspace       used 129680K, capacity 132855K, committed 133120K, reserved 1165312K
  class space    used 16174K, capacity 17299K, committed 17408K, reserved 1048576K
}
Event: 194.677 GC heap before
{Heap before GC invocations=78 (full 0):
 garbage-first heap   total 239616K, used 224615K [0x0000000080000000, 0x0000000100000000)
  region size 1024K, 11 young (11264K), 2 survivors (2048K)
 Metaspace       used 129703K, capacity 132856K, committed 133120K, reserved 1165312K
  class space    used 16176K, capacity 17299K, committed 17408K, reserved 1048576K
}
Event: 194.694 GC heap after
{Heap after GC invocations=79 (full 0):
 garbage-first heap   total 239616K, used 220374K [0x0000000080000000, 0x0000000100000000)
  region size 1024K, 2 young (2048K), 2 survivors (2048K)
 Metaspace       used 129703K, capacity 132856K, committed 133120K, reserved 1165312K
  class space    used 16176K, capacity 17299K, committed 17408K, reserved 1048576K
}
Event: 194.813 GC heap before
{Heap before GC invocations=79 (full 0):
 garbage-first heap   total 239616K, used 229590K [0x0000000080000000, 0x0000000100000000)
  region size 1024K, 11 young (11264K), 2 survivors (2048K)
 Metaspace       used 129732K, capacity 132920K, committed 133120K, reserved 1165312K
  class space    used 16178K, capacity 17299K, committed 17408K, reserved 1048576K
}
Event: 194.835 GC heap after
{Heap after GC invocations=80 (full 0):
 garbage-first heap   total 239616K, used 224534K [0x0000000080000000, 0x0000000100000000)
  region size 1024K, 2 young (2048K), 2 survivors (2048K)
 Metaspace       used 129732K, capacity 132920K, committed 133120K, reserved 1165312K
  class space    used 16178K, capacity 17299K, committed 17408K, reserved 1048576K
}
Event: 195.153 GC heap before
{Heap before GC invocations=80 (full 0):
 garbage-first heap   total 239616K, used 233750K [0x0000000080000000, 0x0000000100000000)
  region size 1024K, 11 young (11264K), 2 survivors (2048K)
 Metaspace       used 129784K, capacity 132929K, committed 133120K, reserved 1165312K
  class space    used 16185K, capacity 17302K, committed 17408K, reserved 1048576K
}
Event: 195.175 GC heap after
{Heap after GC invocations=81 (full 0):
 garbage-first heap   total 239616K, used 228134K [0x0000000080000000, 0x0000000100000000)
  region size 1024K, 2 young (2048K), 2 survivors (2048K)
 Metaspace       used 129784K, capacity 132929K, committed 133120K, reserved 1165312K
  class space    used 16185K, capacity 17302K, committed 17408K, reserved 1048576K
}
Event: 195.385 GC heap before
{Heap before GC invocations=81 (full 0):
 garbage-first heap   total 239616K, used 239398K [0x0000000080000000, 0x0000000100000000)
  region size 1024K, 11 young (11264K), 2 survivors (2048K)
 Metaspace       used 129784K, capacity 132929K, committed 133120K, reserved 1165312K
  class space    used 16185K, capacity 17302K, committed 17408K, reserved 1048576K
}

