# JRE version: OpenJDK Runtime Environment (11.0.13) (build 11.0.13+0-b1751.21-8125866)
# Java VM: OpenJDK 64-Bit Server VM (11.0.13+0-b1751.21-8125866, mixed mode, tiered, compressed oops, g1 gc, windows-amd64)
Heap:
 garbage-first heap   total 199680K, used 88416K [0x0000000080000000, 0x0000000100000000)
  region size 1024K, 4 young (4096K), 4 survivors (4096K)
 Metaspace       used 92513K, capacity 94594K, committed 94908K, reserved 1132544K
  class space    used 11812K, capacity 12631K, committed 12748K, reserved 1048576K
GC Heap History (20 events):
Event: 20.152 GC heap after
{Heap after GC invocations=14 (full 0):
 garbage-first heap   total 165888K, used 51554K [0x0000000080000000, 0x0000000100000000)
  region size 1024K, 8 young (8192K), 8 survivors (8192K)
 Metaspace       used 52254K, capacity 53552K, committed 53628K, reserved 1095680K
  class space    used 6587K, capacity 7062K, committed 7116K, reserved 1048576K
}
Event: 22.819 GC heap before
{Heap before GC invocations=14 (full 0):
 garbage-first heap   total 165888K, used 99682K [0x0000000080000000, 0x0000000100000000)
  region size 1024K, 56 young (57344K), 8 survivors (8192K)
 Metaspace       used 58973K, capacity 60369K, committed 60580K, reserved 1101824K
  class space    used 7376K, capacity 7900K, committed 8012K, reserved 1048576K
}
Event: 22.843 GC heap after
{Heap after GC invocations=15 (full 0):
 garbage-first heap   total 165888K, used 54790K [0x0000000080000000, 0x0000000100000000)
  region size 1024K, 3 young (3072K), 3 survivors (3072K)
 Metaspace       used 58973K, capacity 60369K, committed 60580K, reserved 1101824K
  class space    used 7376K, capacity 7900K, committed 8012K, reserved 1048576K
}
Event: 25.255 GC heap before
{Heap before GC invocations=16 (full 0):
 garbage-first heap   total 165888K, used 120326K [0x0000000080000000, 0x0000000100000000)
  region size 1024K, 61 young (62464K), 3 survivors (3072K)
 Metaspace       used 64491K, capacity 65985K, committed 66364K, reserved 1107968K
  class space    used 8054K, capacity 8655K, committed 8780K, reserved 1048576K
}
Event: 25.272 GC heap after
{Heap after GC invocations=17 (full 0):
 garbage-first heap   total 165888K, used 59785K [0x0000000080000000, 0x0000000100000000)
  region size 1024K, 8 young (8192K), 8 survivors (8192K)
 Metaspace       used 64491K, capacity 65985K, committed 66364K, reserved 1107968K
  class space    used 8054K, capacity 8655K, committed 8780K, reserved 1048576K
}
Event: 25.527 GC heap before
{Heap before GC invocations=18 (full 0):
 garbage-first heap   total 165888K, used 64905K [0x0000000080000000, 0x0000000100000000)
  region size 1024K, 13 young (13312K), 8 survivors (8192K)
 Metaspace       used 64583K, capacity 66020K, committed 66364K, reserved 1107968K
  class space    used 8057K, capacity 8645K, committed 8780K, reserved 1048576K
}
Event: 25.542 GC heap after
{Heap after GC invocations=19 (full 0):
 garbage-first heap   total 165888K, used 60965K [0x0000000080000000, 0x0000000100000000)
  region size 1024K, 2 young (2048K), 2 survivors (2048K)
 Metaspace       used 64583K, capacity 66020K, committed 66364K, reserved 1107968K
  class space    used 8057K, capacity 8645K, committed 8780K, reserved 1048576K
}
Event: 28.025 GC heap before
{Heap before GC invocations=19 (full 0):
 garbage-first heap   total 165888K, used 109093K [0x0000000080000000, 0x0000000100000000)
  region size 1024K, 48 young (49152K), 2 survivors (2048K)
 Metaspace       used 68920K, capacity 70392K, committed 70716K, reserved 1112064K
  class space    used 8610K, capacity 9196K, committed 9292K, reserved 1048576K
}
Event: 28.039 GC heap after
{Heap after GC invocations=20 (full 0):
 garbage-first heap   total 165888K, used 62672K [0x0000000080000000, 0x0000000100000000)
  region size 1024K, 3 young (3072K), 3 survivors (3072K)
 Metaspace       used 68920K, capacity 70392K, committed 70716K, reserved 1112064K
  class space    used 8610K, capacity 9196K, committed 9292K, reserved 1048576K
}
Event: 31.023 GC heap before
{Heap before GC invocations=20 (full 0):
 garbage-first heap   total 165888K, used 113872K [0x0000000080000000, 0x0000000100000000)
  region size 1024K, 53 young (54272K), 3 survivors (3072K)
 Metaspace       used 70303K, capacity 71857K, committed 72124K, reserved 1112064K
  class space    used 8759K, capacity 9364K, committed 9420K, reserved 1048576K
}
Event: 31.045 GC heap after
{Heap after GC invocations=21 (full 0):
 garbage-first heap   total 165888K, used 66179K [0x0000000080000000, 0x0000000100000000)
  region size 1024K, 7 young (7168K), 7 survivors (7168K)
 Metaspace       used 70303K, capacity 71857K, committed 72124K, reserved 1112064K
  class space    used 8759K, capacity 9364K, committed 9420K, reserved 1048576K
}
Event: 34.003 GC heap before
{Heap before GC invocations=21 (full 0):
 garbage-first heap   total 165888K, used 119427K [0x0000000080000000, 0x0000000100000000)
  region size 1024K, 59 young (60416K), 7 survivors (7168K)
 Metaspace       used 76058K, capacity 77608K, committed 77756K, reserved 1116160K
  class space    used 9696K, capacity 10311K, committed 10444K, reserved 1048576K
}
Event: 34.021 GC heap after
{Heap after GC invocations=22 (full 0):
 garbage-first heap   total 165888K, used 69620K [0x0000000080000000, 0x0000000100000000)
  region size 1024K, 7 young (7168K), 7 survivors (7168K)
 Metaspace       used 76058K, capacity 77608K, committed 77756K, reserved 1116160K
  class space    used 9696K, capacity 10311K, committed 10444K, reserved 1048576K
}
Event: 36.315 GC heap before
{Heap before GC invocations=22 (full 0):
 garbage-first heap   total 165888K, used 127988K [0x0000000080000000, 0x0000000100000000)
  region size 1024K, 64 young (65536K), 7 survivors (7168K)
 Metaspace       used 81033K, capacity 82721K, committed 82876K, reserved 1122304K
  class space    used 10414K, capacity 11079K, committed 11212K, reserved 1048576K
}
Event: 36.345 GC heap after
{Heap after GC invocations=23 (full 0):
 garbage-first heap   total 165888K, used 73283K [0x0000000080000000, 0x0000000100000000)
  region size 1024K, 7 young (7168K), 7 survivors (7168K)
 Metaspace       used 81033K, capacity 82721K, committed 82876K, reserved 1122304K
  class space    used 10414K, capacity 11079K, committed 11212K, reserved 1048576K
}
Event: 39.057 GC heap before
{Heap before GC invocations=23 (full 0):
 garbage-first heap   total 165888K, used 129603K [0x0000000080000000, 0x0000000100000000)
  region size 1024K, 63 young (64512K), 7 survivors (7168K)
 Metaspace       used 87198K, capacity 88965K, committed 89148K, reserved 1126400K
  class space    used 11140K, capacity 11840K, committed 11852K, reserved 1048576K
}
Event: 39.086 GC heap after
{Heap after GC invocations=24 (full 0):
 garbage-first heap   total 165888K, used 78848K [0x0000000080000000, 0x0000000100000000)
  region size 1024K, 8 young (8192K), 8 survivors (8192K)
 Metaspace       used 87198K, capacity 88965K, committed 89148K, reserved 1126400K
  class space    used 11140K, capacity 11840K, committed 11852K, reserved 1048576K
}
Event: 41.609 GC heap before
{Heap before GC invocations=24 (full 0):
 garbage-first heap   total 165888K, used 132096K [0x0000000080000000, 0x0000000100000000)
  region size 1024K, 61 young (62464K), 8 survivors (8192K)
 Metaspace       used 91832K, capacity 93865K, committed 94012K, reserved 1130496K
  class space    used 11765K, capacity 12575K, committed 12620K, reserved 1048576K
}
Event: 41.642 GC heap after
{Heap after GC invocations=25 (full 0):
 garbage-first heap   total 165888K, used 84128K [0x0000000080000000, 0x0000000100000000)
  region size 1024K, 5 young (5120K), 5 survivors (5120K)
 Metaspace       used 91832K, capacity 93865K, committed 94012K, reserved 1130496K
  class space    used 11765K, capacity 12575K, committed 12620K, reserved 1048576K
}
Event: 44.053 GC heap before
{Heap before GC invocations=25 (full 0):
 garbage-first heap   total 165888K, used 133280K [0x0000000080000000, 0x0000000100000000)
  region size 1024K, 54 young (55296K), 5 survivors (5120K)
 Metaspace       used 92513K, capacity 94594K, committed 94908K, reserved 1132544K
  class space    used 11812K, capacity 12631K, committed 12748K, reserved 1048576K
}

